[DEBUG] [2024-12-10 08:45:02] CryptoMaterialConfig.<init>(77) | Load cryptoMaterial, caCertPath: conf/ca.crt, sdkCertPath: conf/sdk.crt, sdkPrivateKeyPath:conf/sdk.key, enSSLCertPath: null, enSSLPrivateKeyPath:null
[DEBUG] [2024-12-10 08:45:02] InternalLoggerFactory.newDefaultFactory(45) | Using SLF4J as the default logging framework
[DEBUG] [2024-12-10 08:45:02] NetUtil.<clinit>(139) | -Djava.net.preferIPv4Stack: false
[DEBUG] [2024-12-10 08:45:02] NetUtil.<clinit>(140) | -Djava.net.preferIPv6Addresses: false
[DEBUG] [2024-12-10 08:45:02] NetUtil.<clinit>(224) | Loopback interface: lo (lo, 0:0:0:0:0:0:0:1%lo)
[DEBUG] [2024-12-10 08:45:02] PlatformDependent0.explicitNoUnsafeCause0(417) | -Dio.netty.noUnsafe: false
[DEBUG] [2024-12-10 08:45:02] PlatformDependent0.javaVersion0(889) | Java version: 11
[DEBUG] [2024-12-10 08:45:02] PlatformDependent0.<clinit>(130) | sun.misc.Unsafe.theUnsafe: available
[DEBUG] [2024-12-10 08:45:02] PlatformDependent0.<clinit>(154) | sun.misc.Unsafe.copyMemory: available
[DEBUG] [2024-12-10 08:45:02] PlatformDependent0.<clinit>(192) | java.nio.Buffer.address: available
[DEBUG] [2024-12-10 08:45:02] PlatformDependent0.<clinit>(266) | direct buffer constructor: unavailable
java.lang.UnsupportedOperationException: Reflective setAccessible(true) disabled
	at io.netty.util.internal.ReflectionUtil.trySetAccessible(ReflectionUtil.java:31)
	at io.netty.util.internal.PlatformDependent0$4.run(PlatformDependent0.java:238)
	at java.base/java.security.AccessController.doPrivileged(Native Method)
	at io.netty.util.internal.PlatformDependent0.<clinit>(PlatformDependent0.java:232)
	at io.netty.util.internal.PlatformDependent.isAndroid(PlatformDependent.java:293)
	at io.netty.util.internal.PlatformDependent.<clinit>(PlatformDependent.java:92)
	at io.netty.util.NetUtil$1.run(NetUtil.java:260)
	at io.netty.util.NetUtil$1.run(NetUtil.java:253)
	at java.base/java.security.AccessController.doPrivileged(Native Method)
	at io.netty.util.NetUtil.<clinit>(NetUtil.java:253)
	at org.tianhe.thbc.sdk.config.model.NetworkConfig.checkPeers(NetworkConfig.java:51)
	at org.tianhe.thbc.sdk.config.model.NetworkConfig.<init>(NetworkConfig.java:33)
	at org.tianhe.thbc.sdk.config.ConfigOption.<init>(ConfigOption.java:50)
	at org.tianhe.thbc.sdk.config.Config.load(Config.java:45)
	at org.tianhe.thbc.sdk.config.Config.load(Config.java:32)
	at org.tianhe.thbc.sdk.ThbcSDK.build(ThbcSDK.java:51)
	at org.tianhe.thbc.sdk.demo.thbcmp.tool.ThbcmpSubscriber.main(ThbcmpSubscriber.java:21)
[DEBUG] [2024-12-10 08:45:02] PlatformDependent0.<clinit>(331) | java.nio.Bits.unaligned: available, true
[DEBUG] [2024-12-10 08:45:02] PlatformDependent0.<clinit>(390) | jdk.internal.misc.Unsafe.allocateUninitializedArray(int): unavailable
java.lang.IllegalAccessException: class io.netty.util.internal.PlatformDependent0$6 cannot access class jdk.internal.misc.Unsafe (in module java.base) because module java.base does not export jdk.internal.misc to unnamed module @e320068
	at java.base/jdk.internal.reflect.Reflection.newIllegalAccessException(Reflection.java:361)
	at java.base/java.lang.reflect.AccessibleObject.checkAccess(AccessibleObject.java:591)
	at java.base/java.lang.reflect.Method.invoke(Method.java:558)
	at io.netty.util.internal.PlatformDependent0$6.run(PlatformDependent0.java:352)
	at java.base/java.security.AccessController.doPrivileged(Native Method)
	at io.netty.util.internal.PlatformDependent0.<clinit>(PlatformDependent0.java:343)
	at io.netty.util.internal.PlatformDependent.isAndroid(PlatformDependent.java:293)
	at io.netty.util.internal.PlatformDependent.<clinit>(PlatformDependent.java:92)
	at io.netty.util.NetUtil$1.run(NetUtil.java:260)
	at io.netty.util.NetUtil$1.run(NetUtil.java:253)
	at java.base/java.security.AccessController.doPrivileged(Native Method)
	at io.netty.util.NetUtil.<clinit>(NetUtil.java:253)
	at org.tianhe.thbc.sdk.config.model.NetworkConfig.checkPeers(NetworkConfig.java:51)
	at org.tianhe.thbc.sdk.config.model.NetworkConfig.<init>(NetworkConfig.java:33)
	at org.tianhe.thbc.sdk.config.ConfigOption.<init>(ConfigOption.java:50)
	at org.tianhe.thbc.sdk.config.Config.load(Config.java:45)
	at org.tianhe.thbc.sdk.config.Config.load(Config.java:32)
	at org.tianhe.thbc.sdk.ThbcSDK.build(ThbcSDK.java:51)
	at org.tianhe.thbc.sdk.demo.thbcmp.tool.ThbcmpSubscriber.main(ThbcmpSubscriber.java:21)
[DEBUG] [2024-12-10 08:45:02] PlatformDependent0.<clinit>(403) | java.nio.DirectByteBuffer.<init>(long, int): unavailable
[DEBUG] [2024-12-10 08:45:02] PlatformDependent.unsafeUnavailabilityCause0(1071) | sun.misc.Unsafe: available
[DEBUG] [2024-12-10 08:45:02] PlatformDependent.maxDirectMemory0(1173) | maxDirectMemory: 4202692608 bytes (maybe)
[DEBUG] [2024-12-10 08:45:02] PlatformDependent.tmpdir0(1192) | -Dio.netty.tmpdir: /tmp (java.io.tmpdir)
[DEBUG] [2024-12-10 08:45:02] PlatformDependent.bitMode0(1271) | -Dio.netty.bitMode: 64 (sun.arch.data.model)
[DEBUG] [2024-12-10 08:45:02] PlatformDependent.<clinit>(177) | -Dio.netty.maxDirectMemory: -1 bytes
[DEBUG] [2024-12-10 08:45:02] PlatformDependent.<clinit>(184) | -Dio.netty.uninitializedArrayAllocationThreshold: -1
[DEBUG] [2024-12-10 08:45:02] CleanerJava9.<clinit>(71) | java.nio.ByteBuffer.cleaner(): available
[DEBUG] [2024-12-10 08:45:02] PlatformDependent.<clinit>(204) | -Dio.netty.noPreferDirect: false
[DEBUG] [2024-12-10 08:45:02] NetUtil$1.run(271) | /proc/sys/net/core/somaxconn: 128
[DEBUG] [2024-12-10 08:45:02] ThreadPoolConfig.<init>(54) | Init ThreadPoolConfig, channelProcessorThreadSize: 16, receiptProcessorThreadSize: 16, maxBlockingQueueSize: 102400
[INFO] [2024-12-10 08:45:02] ThbcSDK.build(52) | create ThbcSDK, configPath: /root/dm/testThJavaSdk/dist/conf/thbcmp/config-subscriber-for-test.toml
[DEBUG] [2024-12-10 08:45:02] ResourceLeakDetector.<clinit>(130) | -Dio.netty.leakDetection.level: simple
[DEBUG] [2024-12-10 08:45:02] ResourceLeakDetector.<clinit>(131) | -Dio.netty.leakDetection.targetRecords: 4
[DEBUG] [2024-12-10 08:45:02] ResourceLeakDetectorFactory$DefaultResourceLeakDetectorFactory.newResourceLeakDetector(196) | Loaded default ResourceLeakDetector: io.netty.util.ResourceLeakDetector@289d1c02
[DEBUG] [2024-12-10 08:45:02] PlatformDependent$Mpsc.<clinit>(932) | org.jctools-core.MpscChunkedArrayQueue: available
[DEBUG] [2024-12-10 08:45:02] InternalThreadLocalMap.<clinit>(56) | -Dio.netty.threadLocalMap.stringBuilder.initialSize: 1024
[DEBUG] [2024-12-10 08:45:02] InternalThreadLocalMap.<clinit>(59) | -Dio.netty.threadLocalMap.stringBuilder.maxSize: 4096
[INFO] [2024-12-10 08:45:02] ConnectionManager.<init>(90) |  all connections, size: 2, list: [ConnectionInfo{host='127.0.0.1', port=20202}, ConnectionInfo{host='127.0.0.1', port=20203}]
[DEBUG] [2024-12-10 08:45:02] NetworkImp.start(159) | start connManager with ECDSA sslContext
[DEBUG] [2024-12-10 08:45:02] ConnectionManager.startConnect(101) |  start connect. 
[DEBUG] [2024-12-10 08:45:02] MultithreadEventLoopGroup.<clinit>(44) | -Dio.netty.eventLoopThreads: 16
[DEBUG] [2024-12-10 08:45:02] NioEventLoop.<clinit>(106) | -Dio.netty.noKeySetOptimization: false
[DEBUG] [2024-12-10 08:45:02] NioEventLoop.<clinit>(107) | -Dio.netty.selectorAutoRebuildThreshold: 512
[INFO] [2024-12-10 08:45:02] ConnectionManager.initSslContext(244) |  build ECDSA ssl context with configured certificates 
[DEBUG] [2024-12-10 08:45:02] AbstractByteBuf.<clinit>(63) | -Dio.netty.buffer.checkAccessible: true
[DEBUG] [2024-12-10 08:45:02] AbstractByteBuf.<clinit>(64) | -Dio.netty.buffer.checkBounds: true
[DEBUG] [2024-12-10 08:45:02] ResourceLeakDetectorFactory$DefaultResourceLeakDetectorFactory.newResourceLeakDetector(196) | Loaded default ResourceLeakDetector: io.netty.util.ResourceLeakDetector@1b1426f4
[DEBUG] [2024-12-10 08:45:02] PooledByteBufAllocator.<clinit>(154) | -Dio.netty.allocator.numHeapArenas: 16
[DEBUG] [2024-12-10 08:45:02] PooledByteBufAllocator.<clinit>(155) | -Dio.netty.allocator.numDirectArenas: 16
[DEBUG] [2024-12-10 08:45:02] PooledByteBufAllocator.<clinit>(157) | -Dio.netty.allocator.pageSize: 8192
[DEBUG] [2024-12-10 08:45:02] PooledByteBufAllocator.<clinit>(162) | -Dio.netty.allocator.maxOrder: 11
[DEBUG] [2024-12-10 08:45:02] PooledByteBufAllocator.<clinit>(166) | -Dio.netty.allocator.chunkSize: 16777216
[DEBUG] [2024-12-10 08:45:02] PooledByteBufAllocator.<clinit>(167) | -Dio.netty.allocator.smallCacheSize: 256
[DEBUG] [2024-12-10 08:45:02] PooledByteBufAllocator.<clinit>(168) | -Dio.netty.allocator.normalCacheSize: 64
[DEBUG] [2024-12-10 08:45:02] PooledByteBufAllocator.<clinit>(169) | -Dio.netty.allocator.maxCachedBufferCapacity: 32768
[DEBUG] [2024-12-10 08:45:02] PooledByteBufAllocator.<clinit>(170) | -Dio.netty.allocator.cacheTrimInterval: 8192
[DEBUG] [2024-12-10 08:45:02] PooledByteBufAllocator.<clinit>(171) | -Dio.netty.allocator.cacheTrimIntervalMillis: 0
[DEBUG] [2024-12-10 08:45:02] PooledByteBufAllocator.<clinit>(172) | -Dio.netty.allocator.useCacheForAllThreads: true
[DEBUG] [2024-12-10 08:45:02] PooledByteBufAllocator.<clinit>(173) | -Dio.netty.allocator.maxCachedByteBuffersPerChunk: 1023
[DEBUG] [2024-12-10 08:45:02] ByteBufUtil.<clinit>(87) | -Dio.netty.allocator.type: pooled
[DEBUG] [2024-12-10 08:45:02] ByteBufUtil.<clinit>(96) | -Dio.netty.threadLocalDirectBufferSize: 0
[DEBUG] [2024-12-10 08:45:02] ByteBufUtil.<clinit>(99) | -Dio.netty.maxThreadLocalCharBufferSize: 16384
[DEBUG] [2024-12-10 08:45:02] ResourceLeakDetectorFactory$DefaultResourceLeakDetectorFactory.newResourceLeakDetector(196) | Loaded default ResourceLeakDetector: io.netty.util.ResourceLeakDetector@7161d8d1
[DEBUG] [2024-12-10 08:45:02] NativeLibraryLoader.<clinit>(73) | -Dio.netty.native.workdir: /tmp (io.netty.tmpdir)
[DEBUG] [2024-12-10 08:45:02] NativeLibraryLoader.<clinit>(78) | -Dio.netty.native.deleteLibAfterLoading: true
[DEBUG] [2024-12-10 08:45:02] NativeLibraryLoader.<clinit>(82) | -Dio.netty.native.tryPatchShadedId: true
[DEBUG] [2024-12-10 08:45:02] NativeLibraryLoader.loadLibrary(346) | Unable to load the library 'netty_tcnative_linux_x86_64', trying other loading mechanism.
java.lang.UnsatisfiedLinkError: no netty_tcnative_linux_x86_64 in java.library.path: [/usr/java/packages/lib, /usr/lib/x86_64-linux-gnu/jni, /lib/x86_64-linux-gnu, /usr/lib/x86_64-linux-gnu, /usr/lib/jni, /lib, /usr/lib]
	at java.base/java.lang.ClassLoader.loadLibrary(ClassLoader.java:2673)
	at java.base/java.lang.Runtime.loadLibrary0(Runtime.java:830)
	at java.base/java.lang.System.loadLibrary(System.java:1873)
	at io.netty.util.internal.NativeLibraryUtil.loadLibrary(NativeLibraryUtil.java:38)
	at java.base/jdk.internal.reflect.NativeMethodAccessorImpl.invoke0(Native Method)
	at java.base/jdk.internal.reflect.NativeMethodAccessorImpl.invoke(NativeMethodAccessorImpl.java:62)
	at java.base/jdk.internal.reflect.DelegatingMethodAccessorImpl.invoke(DelegatingMethodAccessorImpl.java:43)
	at java.base/java.lang.reflect.Method.invoke(Method.java:566)
	at io.netty.util.internal.NativeLibraryLoader$1.run(NativeLibraryLoader.java:371)
	at java.base/java.security.AccessController.doPrivileged(Native Method)
	at io.netty.util.internal.NativeLibraryLoader.loadLibraryByHelper(NativeLibraryLoader.java:363)
	at io.netty.util.internal.NativeLibraryLoader.loadLibrary(NativeLibraryLoader.java:341)
	at io.netty.util.internal.NativeLibraryLoader.load(NativeLibraryLoader.java:136)
	at io.netty.util.internal.NativeLibraryLoader.loadFirstAvailable(NativeLibraryLoader.java:96)
	at io.netty.handler.ssl.OpenSsl.loadTcNative(OpenSsl.java:590)
	at io.netty.handler.ssl.OpenSsl.<clinit>(OpenSsl.java:136)
	at io.netty.handler.ssl.ReferenceCountedOpenSslContext.<init>(ReferenceCountedOpenSslContext.java:196)
	at io.netty.handler.ssl.ReferenceCountedOpenSslContext.<init>(ReferenceCountedOpenSslContext.java:185)
	at io.netty.handler.ssl.OpenSslContext.<init>(OpenSslContext.java:34)
	at io.netty.handler.ssl.OpenSslClientContext.<init>(OpenSslClientContext.java:189)
	at io.netty.handler.ssl.SslContext.newClientContextInternal(SslContext.java:827)
	at io.netty.handler.ssl.SslContextBuilder.build(SslContextBuilder.java:576)
	at org.tianhe.thbc.sdk.network.ConnectionManager.initSslContext(ConnectionManager.java:251)
	at org.tianhe.thbc.sdk.network.ConnectionManager.initNetty(ConnectionManager.java:330)
	at org.tianhe.thbc.sdk.network.ConnectionManager.startConnect(ConnectionManager.java:103)
	at org.tianhe.thbc.sdk.network.NetworkImp.start(NetworkImp.java:160)
	at org.tianhe.thbc.sdk.channel.ChannelImp.start(ChannelImp.java:89)
	at org.tianhe.thbc.sdk.ThbcSDK.<init>(ThbcSDK.java:63)
	at org.tianhe.thbc.sdk.ThbcSDK.build(ThbcSDK.java:53)
	at org.tianhe.thbc.sdk.demo.thbcmp.tool.ThbcmpSubscriber.main(ThbcmpSubscriber.java:21)
[DEBUG] [2024-12-10 08:45:02] NativeLibraryLoader.load(141) | netty_tcnative_linux_x86_64 cannot be loaded from java.library.path, now trying export to -Dio.netty.native.workdir: /tmp
java.lang.UnsatisfiedLinkError: no netty_tcnative_linux_x86_64 in java.library.path: [/usr/java/packages/lib, /usr/lib/x86_64-linux-gnu/jni, /lib/x86_64-linux-gnu, /usr/lib/x86_64-linux-gnu, /usr/lib/jni, /lib, /usr/lib]
	at java.base/java.lang.ClassLoader.loadLibrary(ClassLoader.java:2673)
	at java.base/java.lang.Runtime.loadLibrary0(Runtime.java:830)
	at java.base/java.lang.System.loadLibrary(System.java:1873)
	at io.netty.util.internal.NativeLibraryUtil.loadLibrary(NativeLibraryUtil.java:38)
	at io.netty.util.internal.NativeLibraryLoader.loadLibrary(NativeLibraryLoader.java:351)
	at io.netty.util.internal.NativeLibraryLoader.load(NativeLibraryLoader.java:136)
	at io.netty.util.internal.NativeLibraryLoader.loadFirstAvailable(NativeLibraryLoader.java:96)
	at io.netty.handler.ssl.OpenSsl.loadTcNative(OpenSsl.java:590)
	at io.netty.handler.ssl.OpenSsl.<clinit>(OpenSsl.java:136)
	at io.netty.handler.ssl.ReferenceCountedOpenSslContext.<init>(ReferenceCountedOpenSslContext.java:196)
	at io.netty.handler.ssl.ReferenceCountedOpenSslContext.<init>(ReferenceCountedOpenSslContext.java:185)
	at io.netty.handler.ssl.OpenSslContext.<init>(OpenSslContext.java:34)
	at io.netty.handler.ssl.OpenSslClientContext.<init>(OpenSslClientContext.java:189)
	at io.netty.handler.ssl.SslContext.newClientContextInternal(SslContext.java:827)
	at io.netty.handler.ssl.SslContextBuilder.build(SslContextBuilder.java:576)
	at org.tianhe.thbc.sdk.network.ConnectionManager.initSslContext(ConnectionManager.java:251)
	at org.tianhe.thbc.sdk.network.ConnectionManager.initNetty(ConnectionManager.java:330)
	at org.tianhe.thbc.sdk.network.ConnectionManager.startConnect(ConnectionManager.java:103)
	at org.tianhe.thbc.sdk.network.NetworkImp.start(NetworkImp.java:160)
	at org.tianhe.thbc.sdk.channel.ChannelImp.start(ChannelImp.java:89)
	at org.tianhe.thbc.sdk.ThbcSDK.<init>(ThbcSDK.java:63)
	at org.tianhe.thbc.sdk.ThbcSDK.build(ThbcSDK.java:53)
	at org.tianhe.thbc.sdk.demo.thbcmp.tool.ThbcmpSubscriber.main(ThbcmpSubscriber.java:21)
	Suppressed: java.lang.UnsatisfiedLinkError: no netty_tcnative_linux_x86_64 in java.library.path: [/usr/java/packages/lib, /usr/lib/x86_64-linux-gnu/jni, /lib/x86_64-linux-gnu, /usr/lib/x86_64-linux-gnu, /usr/lib/jni, /lib, /usr/lib]
		at java.base/java.lang.ClassLoader.loadLibrary(ClassLoader.java:2673)
		at java.base/java.lang.Runtime.loadLibrary0(Runtime.java:830)
		at java.base/java.lang.System.loadLibrary(System.java:1873)
		at io.netty.util.internal.NativeLibraryUtil.loadLibrary(NativeLibraryUtil.java:38)
		at java.base/jdk.internal.reflect.NativeMethodAccessorImpl.invoke0(Native Method)
		at java.base/jdk.internal.reflect.NativeMethodAccessorImpl.invoke(NativeMethodAccessorImpl.java:62)
		at java.base/jdk.internal.reflect.DelegatingMethodAccessorImpl.invoke(DelegatingMethodAccessorImpl.java:43)
		at java.base/java.lang.reflect.Method.invoke(Method.java:566)
		at io.netty.util.internal.NativeLibraryLoader$1.run(NativeLibraryLoader.java:371)
		at java.base/java.security.AccessController.doPrivileged(Native Method)
		at io.netty.util.internal.NativeLibraryLoader.loadLibraryByHelper(NativeLibraryLoader.java:363)
		at io.netty.util.internal.NativeLibraryLoader.loadLibrary(NativeLibraryLoader.java:341)
		... 18 more
[DEBUG] [2024-12-10 08:45:03] NativeLibraryLoader.loadLibrary(342) | Successfully loaded the library /tmp/libnetty_tcnative_linux_x86_645935530781592063319.so
[DEBUG] [2024-12-10 08:45:03] OpenSsl.<clinit>(149) | Initialize netty-tcnative using engine: 'default'
[DEBUG] [2024-12-10 08:45:03] OpenSsl.<clinit>(174) | netty-tcnative using native library: OpenSSL/TaSSL 1.0.2o  27 Mar 2018
[DEBUG] [2024-12-10 08:45:03] Recycler.<clinit>(100) | -Dio.netty.recycler.maxCapacityPerThread: 4096
[DEBUG] [2024-12-10 08:45:03] Recycler.<clinit>(101) | -Dio.netty.recycler.maxSharedCapacityFactor: 2
[DEBUG] [2024-12-10 08:45:03] Recycler.<clinit>(102) | -Dio.netty.recycler.linkCapacity: 16
[DEBUG] [2024-12-10 08:45:03] Recycler.<clinit>(103) | -Dio.netty.recycler.ratio: 8
[DEBUG] [2024-12-10 08:45:03] Recycler.<clinit>(104) | -Dio.netty.recycler.delayedQueue.ratio: 8
[DEBUG] [2024-12-10 08:45:03] CipherSuiteConverter.cacheFromOpenSsl(330) | Cipher suite mapping: TLS_ECDHE_RSA_WITH_AES_256_GCM_SHA384 => ECDHE-RSA-AES256-GCM-SHA384
[DEBUG] [2024-12-10 08:45:03] CipherSuiteConverter.cacheFromOpenSsl(331) | Cipher suite mapping: SSL_ECDHE_RSA_WITH_AES_256_GCM_SHA384 => ECDHE-RSA-AES256-GCM-SHA384
[DEBUG] [2024-12-10 08:45:03] CipherSuiteConverter.cacheFromOpenSsl(330) | Cipher suite mapping: TLS_ECDHE_ECDSA_WITH_AES_256_GCM_SHA384 => ECDHE-ECDSA-AES256-GCM-SHA384
[DEBUG] [2024-12-10 08:45:03] CipherSuiteConverter.cacheFromOpenSsl(331) | Cipher suite mapping: SSL_ECDHE_ECDSA_WITH_AES_256_GCM_SHA384 => ECDHE-ECDSA-AES256-GCM-SHA384
[DEBUG] [2024-12-10 08:45:03] CipherSuiteConverter.cacheFromOpenSsl(330) | Cipher suite mapping: TLS_ECDHE_RSA_WITH_AES_256_CBC_SHA384 => ECDHE-RSA-AES256-SHA384
[DEBUG] [2024-12-10 08:45:03] CipherSuiteConverter.cacheFromOpenSsl(331) | Cipher suite mapping: SSL_ECDHE_RSA_WITH_AES_256_CBC_SHA384 => ECDHE-RSA-AES256-SHA384
[DEBUG] [2024-12-10 08:45:03] CipherSuiteConverter.cacheFromOpenSsl(330) | Cipher suite mapping: TLS_ECDHE_ECDSA_WITH_AES_256_CBC_SHA384 => ECDHE-ECDSA-AES256-SHA384
[DEBUG] [2024-12-10 08:45:03] CipherSuiteConverter.cacheFromOpenSsl(331) | Cipher suite mapping: SSL_ECDHE_ECDSA_WITH_AES_256_CBC_SHA384 => ECDHE-ECDSA-AES256-SHA384
[DEBUG] [2024-12-10 08:45:03] CipherSuiteConverter.cacheFromOpenSsl(330) | Cipher suite mapping: TLS_ECDHE_RSA_WITH_AES_256_CBC_SHA => ECDHE-RSA-AES256-SHA
[DEBUG] [2024-12-10 08:45:03] CipherSuiteConverter.cacheFromOpenSsl(331) | Cipher suite mapping: SSL_ECDHE_RSA_WITH_AES_256_CBC_SHA => ECDHE-RSA-AES256-SHA
[DEBUG] [2024-12-10 08:45:03] CipherSuiteConverter.cacheFromOpenSsl(330) | Cipher suite mapping: TLS_ECDHE_ECDSA_WITH_AES_256_CBC_SHA => ECDHE-ECDSA-AES256-SHA
[DEBUG] [2024-12-10 08:45:03] CipherSuiteConverter.cacheFromOpenSsl(331) | Cipher suite mapping: SSL_ECDHE_ECDSA_WITH_AES_256_CBC_SHA => ECDHE-ECDSA-AES256-SHA
[DEBUG] [2024-12-10 08:45:03] CipherSuiteConverter.cacheFromOpenSsl(330) | Cipher suite mapping: TLS_SRP_DSS_WITH_AES_256_CBC_SHA => SRP-DSS-AES-256-CBC-SHA
[DEBUG] [2024-12-10 08:45:03] CipherSuiteConverter.cacheFromOpenSsl(331) | Cipher suite mapping: SSL_SRP_DSS_WITH_AES_256_CBC_SHA => SRP-DSS-AES-256-CBC-SHA
[DEBUG] [2024-12-10 08:45:03] CipherSuiteConverter.cacheFromOpenSsl(330) | Cipher suite mapping: TLS_SRP_RSA_WITH_AES_256_CBC_SHA => SRP-RSA-AES-256-CBC-SHA
[DEBUG] [2024-12-10 08:45:03] CipherSuiteConverter.cacheFromOpenSsl(331) | Cipher suite mapping: SSL_SRP_RSA_WITH_AES_256_CBC_SHA => SRP-RSA-AES-256-CBC-SHA
[DEBUG] [2024-12-10 08:45:03] CipherSuiteConverter.cacheFromOpenSsl(330) | Cipher suite mapping: TLS_SRP_WITH_AES_256_CBC_SHA => SRP-AES-256-CBC-SHA
[DEBUG] [2024-12-10 08:45:03] CipherSuiteConverter.cacheFromOpenSsl(331) | Cipher suite mapping: SSL_SRP_WITH_AES_256_CBC_SHA => SRP-AES-256-CBC-SHA
[DEBUG] [2024-12-10 08:45:03] CipherSuiteConverter.cacheFromOpenSsl(330) | Cipher suite mapping: TLS_RSA_WITH_DH_DSS_AES256_GCM_SHA384 => DH-DSS-AES256-GCM-SHA384
[DEBUG] [2024-12-10 08:45:03] CipherSuiteConverter.cacheFromOpenSsl(331) | Cipher suite mapping: SSL_RSA_WITH_DH_DSS_AES256_GCM_SHA384 => DH-DSS-AES256-GCM-SHA384
[DEBUG] [2024-12-10 08:45:03] CipherSuiteConverter.cacheFromOpenSsl(330) | Cipher suite mapping: TLS_DHE_DSS_WITH_AES_256_GCM_SHA384 => DHE-DSS-AES256-GCM-SHA384
[DEBUG] [2024-12-10 08:45:03] CipherSuiteConverter.cacheFromOpenSsl(331) | Cipher suite mapping: SSL_DHE_DSS_WITH_AES_256_GCM_SHA384 => DHE-DSS-AES256-GCM-SHA384
[DEBUG] [2024-12-10 08:45:03] CipherSuiteConverter.cacheFromOpenSsl(330) | Cipher suite mapping: TLS_RSA_WITH_DH_RSA_AES256_GCM_SHA384 => DH-RSA-AES256-GCM-SHA384
[DEBUG] [2024-12-10 08:45:03] CipherSuiteConverter.cacheFromOpenSsl(331) | Cipher suite mapping: SSL_RSA_WITH_DH_RSA_AES256_GCM_SHA384 => DH-RSA-AES256-GCM-SHA384
[DEBUG] [2024-12-10 08:45:03] CipherSuiteConverter.cacheFromOpenSsl(330) | Cipher suite mapping: TLS_DHE_RSA_WITH_AES_256_GCM_SHA384 => DHE-RSA-AES256-GCM-SHA384
[DEBUG] [2024-12-10 08:45:03] CipherSuiteConverter.cacheFromOpenSsl(331) | Cipher suite mapping: SSL_DHE_RSA_WITH_AES_256_GCM_SHA384 => DHE-RSA-AES256-GCM-SHA384
[DEBUG] [2024-12-10 08:45:03] CipherSuiteConverter.cacheFromOpenSsl(330) | Cipher suite mapping: TLS_DHE_RSA_WITH_AES_256_CBC_SHA256 => DHE-RSA-AES256-SHA256
[DEBUG] [2024-12-10 08:45:03] CipherSuiteConverter.cacheFromOpenSsl(331) | Cipher suite mapping: SSL_DHE_RSA_WITH_AES_256_CBC_SHA256 => DHE-RSA-AES256-SHA256
[DEBUG] [2024-12-10 08:45:03] CipherSuiteConverter.cacheFromOpenSsl(330) | Cipher suite mapping: TLS_DHE_DSS_WITH_AES_256_CBC_SHA256 => DHE-DSS-AES256-SHA256
[DEBUG] [2024-12-10 08:45:03] CipherSuiteConverter.cacheFromOpenSsl(331) | Cipher suite mapping: SSL_DHE_DSS_WITH_AES_256_CBC_SHA256 => DHE-DSS-AES256-SHA256
[DEBUG] [2024-12-10 08:45:03] CipherSuiteConverter.cacheFromOpenSsl(330) | Cipher suite mapping: TLS_RSA_WITH_DH_RSA_AES256_SHA256 => DH-RSA-AES256-SHA256
[DEBUG] [2024-12-10 08:45:03] CipherSuiteConverter.cacheFromOpenSsl(331) | Cipher suite mapping: SSL_RSA_WITH_DH_RSA_AES256_SHA256 => DH-RSA-AES256-SHA256
[DEBUG] [2024-12-10 08:45:03] CipherSuiteConverter.cacheFromOpenSsl(330) | Cipher suite mapping: TLS_RSA_WITH_DH_DSS_AES256_SHA256 => DH-DSS-AES256-SHA256
[DEBUG] [2024-12-10 08:45:03] CipherSuiteConverter.cacheFromOpenSsl(331) | Cipher suite mapping: SSL_RSA_WITH_DH_DSS_AES256_SHA256 => DH-DSS-AES256-SHA256
[DEBUG] [2024-12-10 08:45:03] CipherSuiteConverter.cacheFromOpenSsl(330) | Cipher suite mapping: TLS_DHE_RSA_WITH_AES_256_CBC_SHA => DHE-RSA-AES256-SHA
[DEBUG] [2024-12-10 08:45:03] CipherSuiteConverter.cacheFromOpenSsl(331) | Cipher suite mapping: SSL_DHE_RSA_WITH_AES_256_CBC_SHA => DHE-RSA-AES256-SHA
[DEBUG] [2024-12-10 08:45:03] CipherSuiteConverter.cacheFromOpenSsl(330) | Cipher suite mapping: TLS_DHE_DSS_WITH_AES_256_CBC_SHA => DHE-DSS-AES256-SHA
[DEBUG] [2024-12-10 08:45:03] CipherSuiteConverter.cacheFromOpenSsl(331) | Cipher suite mapping: SSL_DHE_DSS_WITH_AES_256_CBC_SHA => DHE-DSS-AES256-SHA
[DEBUG] [2024-12-10 08:45:03] CipherSuiteConverter.cacheFromOpenSsl(330) | Cipher suite mapping: TLS_RSA_WITH_DH_RSA_AES256_SHA => DH-RSA-AES256-SHA
[DEBUG] [2024-12-10 08:45:03] CipherSuiteConverter.cacheFromOpenSsl(331) | Cipher suite mapping: SSL_RSA_WITH_DH_RSA_AES256_SHA => DH-RSA-AES256-SHA
[DEBUG] [2024-12-10 08:45:03] CipherSuiteConverter.cacheFromOpenSsl(330) | Cipher suite mapping: TLS_RSA_WITH_DH_DSS_AES256_SHA => DH-DSS-AES256-SHA
[DEBUG] [2024-12-10 08:45:03] CipherSuiteConverter.cacheFromOpenSsl(331) | Cipher suite mapping: SSL_RSA_WITH_DH_DSS_AES256_SHA => DH-DSS-AES256-SHA
[DEBUG] [2024-12-10 08:45:03] CipherSuiteConverter.cacheFromOpenSsl(330) | Cipher suite mapping: TLS_DHE_RSA_WITH_CAMELLIA256_SHA => DHE-RSA-CAMELLIA256-SHA
[DEBUG] [2024-12-10 08:45:03] CipherSuiteConverter.cacheFromOpenSsl(331) | Cipher suite mapping: SSL_DHE_RSA_WITH_CAMELLIA256_SHA => DHE-RSA-CAMELLIA256-SHA
[DEBUG] [2024-12-10 08:45:03] CipherSuiteConverter.cacheFromOpenSsl(330) | Cipher suite mapping: TLS_DHE_DSS_WITH_CAMELLIA256_SHA => DHE-DSS-CAMELLIA256-SHA
[DEBUG] [2024-12-10 08:45:03] CipherSuiteConverter.cacheFromOpenSsl(331) | Cipher suite mapping: SSL_DHE_DSS_WITH_CAMELLIA256_SHA => DHE-DSS-CAMELLIA256-SHA
[DEBUG] [2024-12-10 08:45:03] CipherSuiteConverter.cacheFromOpenSsl(330) | Cipher suite mapping: TLS_RSA_WITH_DH_RSA_CAMELLIA256_SHA => DH-RSA-CAMELLIA256-SHA
[DEBUG] [2024-12-10 08:45:03] CipherSuiteConverter.cacheFromOpenSsl(331) | Cipher suite mapping: SSL_RSA_WITH_DH_RSA_CAMELLIA256_SHA => DH-RSA-CAMELLIA256-SHA
[DEBUG] [2024-12-10 08:45:03] CipherSuiteConverter.cacheFromOpenSsl(330) | Cipher suite mapping: TLS_RSA_WITH_DH_DSS_CAMELLIA256_SHA => DH-DSS-CAMELLIA256-SHA
[DEBUG] [2024-12-10 08:45:03] CipherSuiteConverter.cacheFromOpenSsl(331) | Cipher suite mapping: SSL_RSA_WITH_DH_DSS_CAMELLIA256_SHA => DH-DSS-CAMELLIA256-SHA
[DEBUG] [2024-12-10 08:45:03] CipherSuiteConverter.cacheFromOpenSsl(330) | Cipher suite mapping: TLS_ECDH_anon_WITH_AES_256_CBC_SHA => AECDH-AES256-SHA
[DEBUG] [2024-12-10 08:45:03] CipherSuiteConverter.cacheFromOpenSsl(331) | Cipher suite mapping: SSL_ECDH_anon_WITH_AES_256_CBC_SHA => AECDH-AES256-SHA
[DEBUG] [2024-12-10 08:45:03] CipherSuiteConverter.cacheFromOpenSsl(330) | Cipher suite mapping: TLS_DH_anon_WITH_AES_256_GCM_SHA384 => ADH-AES256-GCM-SHA384
[DEBUG] [2024-12-10 08:45:03] CipherSuiteConverter.cacheFromOpenSsl(331) | Cipher suite mapping: SSL_DH_anon_WITH_AES_256_GCM_SHA384 => ADH-AES256-GCM-SHA384
[DEBUG] [2024-12-10 08:45:03] CipherSuiteConverter.cacheFromOpenSsl(330) | Cipher suite mapping: TLS_DH_anon_WITH_AES_256_CBC_SHA256 => ADH-AES256-SHA256
[DEBUG] [2024-12-10 08:45:03] CipherSuiteConverter.cacheFromOpenSsl(331) | Cipher suite mapping: SSL_DH_anon_WITH_AES_256_CBC_SHA256 => ADH-AES256-SHA256
[DEBUG] [2024-12-10 08:45:03] CipherSuiteConverter.cacheFromOpenSsl(330) | Cipher suite mapping: TLS_DH_anon_WITH_AES_256_CBC_SHA => ADH-AES256-SHA
[DEBUG] [2024-12-10 08:45:03] CipherSuiteConverter.cacheFromOpenSsl(331) | Cipher suite mapping: SSL_DH_anon_WITH_AES_256_CBC_SHA => ADH-AES256-SHA
[DEBUG] [2024-12-10 08:45:03] CipherSuiteConverter.cacheFromOpenSsl(330) | Cipher suite mapping: TLS_DH_anon_WITH_CAMELLIA256_SHA => ADH-CAMELLIA256-SHA
[DEBUG] [2024-12-10 08:45:03] CipherSuiteConverter.cacheFromOpenSsl(331) | Cipher suite mapping: SSL_DH_anon_WITH_CAMELLIA256_SHA => ADH-CAMELLIA256-SHA
[DEBUG] [2024-12-10 08:45:03] CipherSuiteConverter.cacheFromOpenSsl(330) | Cipher suite mapping: TLS_ECDH_RSA_WITH_AES_256_GCM_SHA384 => ECDH-RSA-AES256-GCM-SHA384
[DEBUG] [2024-12-10 08:45:03] CipherSuiteConverter.cacheFromOpenSsl(331) | Cipher suite mapping: SSL_ECDH_RSA_WITH_AES_256_GCM_SHA384 => ECDH-RSA-AES256-GCM-SHA384
[DEBUG] [2024-12-10 08:45:03] CipherSuiteConverter.cacheFromOpenSsl(330) | Cipher suite mapping: TLS_ECDH_ECDSA_WITH_AES_256_GCM_SHA384 => ECDH-ECDSA-AES256-GCM-SHA384
[DEBUG] [2024-12-10 08:45:03] CipherSuiteConverter.cacheFromOpenSsl(331) | Cipher suite mapping: SSL_ECDH_ECDSA_WITH_AES_256_GCM_SHA384 => ECDH-ECDSA-AES256-GCM-SHA384
[DEBUG] [2024-12-10 08:45:03] CipherSuiteConverter.cacheFromOpenSsl(330) | Cipher suite mapping: TLS_ECDH_RSA_WITH_AES_256_CBC_SHA384 => ECDH-RSA-AES256-SHA384
[DEBUG] [2024-12-10 08:45:03] CipherSuiteConverter.cacheFromOpenSsl(331) | Cipher suite mapping: SSL_ECDH_RSA_WITH_AES_256_CBC_SHA384 => ECDH-RSA-AES256-SHA384
[DEBUG] [2024-12-10 08:45:03] CipherSuiteConverter.cacheFromOpenSsl(330) | Cipher suite mapping: TLS_ECDH_ECDSA_WITH_AES_256_CBC_SHA384 => ECDH-ECDSA-AES256-SHA384
[DEBUG] [2024-12-10 08:45:03] CipherSuiteConverter.cacheFromOpenSsl(331) | Cipher suite mapping: SSL_ECDH_ECDSA_WITH_AES_256_CBC_SHA384 => ECDH-ECDSA-AES256-SHA384
[DEBUG] [2024-12-10 08:45:03] CipherSuiteConverter.cacheFromOpenSsl(330) | Cipher suite mapping: TLS_ECDH_RSA_WITH_AES_256_CBC_SHA => ECDH-RSA-AES256-SHA
[DEBUG] [2024-12-10 08:45:03] CipherSuiteConverter.cacheFromOpenSsl(331) | Cipher suite mapping: SSL_ECDH_RSA_WITH_AES_256_CBC_SHA => ECDH-RSA-AES256-SHA
[DEBUG] [2024-12-10 08:45:03] CipherSuiteConverter.cacheFromOpenSsl(330) | Cipher suite mapping: TLS_ECDH_ECDSA_WITH_AES_256_CBC_SHA => ECDH-ECDSA-AES256-SHA
[DEBUG] [2024-12-10 08:45:03] CipherSuiteConverter.cacheFromOpenSsl(331) | Cipher suite mapping: SSL_ECDH_ECDSA_WITH_AES_256_CBC_SHA => ECDH-ECDSA-AES256-SHA
[DEBUG] [2024-12-10 08:45:03] CipherSuiteConverter.cacheFromOpenSsl(330) | Cipher suite mapping: TLS_RSA_WITH_AES_256_GCM_SHA384 => AES256-GCM-SHA384
[DEBUG] [2024-12-10 08:45:03] CipherSuiteConverter.cacheFromOpenSsl(331) | Cipher suite mapping: SSL_RSA_WITH_AES_256_GCM_SHA384 => AES256-GCM-SHA384
[DEBUG] [2024-12-10 08:45:03] CipherSuiteConverter.cacheFromOpenSsl(330) | Cipher suite mapping: TLS_RSA_WITH_AES_256_CBC_SHA256 => AES256-SHA256
[DEBUG] [2024-12-10 08:45:03] CipherSuiteConverter.cacheFromOpenSsl(331) | Cipher suite mapping: SSL_RSA_WITH_AES_256_CBC_SHA256 => AES256-SHA256
[DEBUG] [2024-12-10 08:45:03] CipherSuiteConverter.cacheFromOpenSsl(330) | Cipher suite mapping: TLS_RSA_WITH_AES_256_CBC_SHA => AES256-SHA
[DEBUG] [2024-12-10 08:45:03] CipherSuiteConverter.cacheFromOpenSsl(331) | Cipher suite mapping: SSL_RSA_WITH_AES_256_CBC_SHA => AES256-SHA
[DEBUG] [2024-12-10 08:45:03] CipherSuiteConverter.cacheFromOpenSsl(330) | Cipher suite mapping: TLS_RSA_WITH_CAMELLIA256_SHA => CAMELLIA256-SHA
[DEBUG] [2024-12-10 08:45:03] CipherSuiteConverter.cacheFromOpenSsl(331) | Cipher suite mapping: SSL_RSA_WITH_CAMELLIA256_SHA => CAMELLIA256-SHA
[DEBUG] [2024-12-10 08:45:03] CipherSuiteConverter.cacheFromOpenSsl(330) | Cipher suite mapping: TLS_PSK_WITH_AES_256_CBC_SHA => PSK-AES256-CBC-SHA
[DEBUG] [2024-12-10 08:45:03] CipherSuiteConverter.cacheFromOpenSsl(331) | Cipher suite mapping: SSL_PSK_WITH_AES_256_CBC_SHA => PSK-AES256-CBC-SHA
[DEBUG] [2024-12-10 08:45:03] CipherSuiteConverter.cacheFromOpenSsl(330) | Cipher suite mapping: TLS_ECDHE_RSA_WITH_AES_128_GCM_SHA256 => ECDHE-RSA-AES128-GCM-SHA256
[DEBUG] [2024-12-10 08:45:03] CipherSuiteConverter.cacheFromOpenSsl(331) | Cipher suite mapping: SSL_ECDHE_RSA_WITH_AES_128_GCM_SHA256 => ECDHE-RSA-AES128-GCM-SHA256
[DEBUG] [2024-12-10 08:45:03] CipherSuiteConverter.cacheFromOpenSsl(330) | Cipher suite mapping: TLS_ECDHE_ECDSA_WITH_AES_128_GCM_SHA256 => ECDHE-ECDSA-AES128-GCM-SHA256
[DEBUG] [2024-12-10 08:45:03] CipherSuiteConverter.cacheFromOpenSsl(331) | Cipher suite mapping: SSL_ECDHE_ECDSA_WITH_AES_128_GCM_SHA256 => ECDHE-ECDSA-AES128-GCM-SHA256
[DEBUG] [2024-12-10 08:45:03] CipherSuiteConverter.cacheFromOpenSsl(330) | Cipher suite mapping: TLS_ECDHE_RSA_WITH_AES_128_CBC_SHA256 => ECDHE-RSA-AES128-SHA256
[DEBUG] [2024-12-10 08:45:03] CipherSuiteConverter.cacheFromOpenSsl(331) | Cipher suite mapping: SSL_ECDHE_RSA_WITH_AES_128_CBC_SHA256 => ECDHE-RSA-AES128-SHA256
[DEBUG] [2024-12-10 08:45:03] CipherSuiteConverter.cacheFromOpenSsl(330) | Cipher suite mapping: TLS_ECDHE_ECDSA_WITH_AES_128_CBC_SHA256 => ECDHE-ECDSA-AES128-SHA256
[DEBUG] [2024-12-10 08:45:03] CipherSuiteConverter.cacheFromOpenSsl(331) | Cipher suite mapping: SSL_ECDHE_ECDSA_WITH_AES_128_CBC_SHA256 => ECDHE-ECDSA-AES128-SHA256
[DEBUG] [2024-12-10 08:45:03] CipherSuiteConverter.cacheFromOpenSsl(330) | Cipher suite mapping: TLS_ECDHE_RSA_WITH_AES_128_CBC_SHA => ECDHE-RSA-AES128-SHA
[DEBUG] [2024-12-10 08:45:03] CipherSuiteConverter.cacheFromOpenSsl(331) | Cipher suite mapping: SSL_ECDHE_RSA_WITH_AES_128_CBC_SHA => ECDHE-RSA-AES128-SHA
[DEBUG] [2024-12-10 08:45:03] CipherSuiteConverter.cacheFromOpenSsl(330) | Cipher suite mapping: TLS_ECDHE_ECDSA_WITH_AES_128_CBC_SHA => ECDHE-ECDSA-AES128-SHA
[DEBUG] [2024-12-10 08:45:03] CipherSuiteConverter.cacheFromOpenSsl(331) | Cipher suite mapping: SSL_ECDHE_ECDSA_WITH_AES_128_CBC_SHA => ECDHE-ECDSA-AES128-SHA
[DEBUG] [2024-12-10 08:45:03] CipherSuiteConverter.cacheFromOpenSsl(330) | Cipher suite mapping: TLS_SRP_DSS_WITH_AES_128_CBC_SHA => SRP-DSS-AES-128-CBC-SHA
[DEBUG] [2024-12-10 08:45:03] CipherSuiteConverter.cacheFromOpenSsl(331) | Cipher suite mapping: SSL_SRP_DSS_WITH_AES_128_CBC_SHA => SRP-DSS-AES-128-CBC-SHA
[DEBUG] [2024-12-10 08:45:03] CipherSuiteConverter.cacheFromOpenSsl(330) | Cipher suite mapping: TLS_SRP_RSA_WITH_AES_128_CBC_SHA => SRP-RSA-AES-128-CBC-SHA
[DEBUG] [2024-12-10 08:45:03] CipherSuiteConverter.cacheFromOpenSsl(331) | Cipher suite mapping: SSL_SRP_RSA_WITH_AES_128_CBC_SHA => SRP-RSA-AES-128-CBC-SHA
[DEBUG] [2024-12-10 08:45:03] CipherSuiteConverter.cacheFromOpenSsl(330) | Cipher suite mapping: TLS_SRP_WITH_AES_128_CBC_SHA => SRP-AES-128-CBC-SHA
[DEBUG] [2024-12-10 08:45:03] CipherSuiteConverter.cacheFromOpenSsl(331) | Cipher suite mapping: SSL_SRP_WITH_AES_128_CBC_SHA => SRP-AES-128-CBC-SHA
[DEBUG] [2024-12-10 08:45:03] CipherSuiteConverter.cacheFromOpenSsl(330) | Cipher suite mapping: TLS_RSA_WITH_DH_DSS_AES128_GCM_SHA256 => DH-DSS-AES128-GCM-SHA256
[DEBUG] [2024-12-10 08:45:03] CipherSuiteConverter.cacheFromOpenSsl(331) | Cipher suite mapping: SSL_RSA_WITH_DH_DSS_AES128_GCM_SHA256 => DH-DSS-AES128-GCM-SHA256
[DEBUG] [2024-12-10 08:45:03] CipherSuiteConverter.cacheFromOpenSsl(330) | Cipher suite mapping: TLS_DHE_DSS_WITH_AES_128_GCM_SHA256 => DHE-DSS-AES128-GCM-SHA256
[DEBUG] [2024-12-10 08:45:03] CipherSuiteConverter.cacheFromOpenSsl(331) | Cipher suite mapping: SSL_DHE_DSS_WITH_AES_128_GCM_SHA256 => DHE-DSS-AES128-GCM-SHA256
[DEBUG] [2024-12-10 08:45:03] CipherSuiteConverter.cacheFromOpenSsl(330) | Cipher suite mapping: TLS_RSA_WITH_DH_RSA_AES128_GCM_SHA256 => DH-RSA-AES128-GCM-SHA256
[DEBUG] [2024-12-10 08:45:03] CipherSuiteConverter.cacheFromOpenSsl(331) | Cipher suite mapping: SSL_RSA_WITH_DH_RSA_AES128_GCM_SHA256 => DH-RSA-AES128-GCM-SHA256
[DEBUG] [2024-12-10 08:45:03] CipherSuiteConverter.cacheFromOpenSsl(330) | Cipher suite mapping: TLS_DHE_RSA_WITH_AES_128_GCM_SHA256 => DHE-RSA-AES128-GCM-SHA256
[DEBUG] [2024-12-10 08:45:03] CipherSuiteConverter.cacheFromOpenSsl(331) | Cipher suite mapping: SSL_DHE_RSA_WITH_AES_128_GCM_SHA256 => DHE-RSA-AES128-GCM-SHA256
[DEBUG] [2024-12-10 08:45:03] CipherSuiteConverter.cacheFromOpenSsl(330) | Cipher suite mapping: TLS_DHE_RSA_WITH_AES_128_CBC_SHA256 => DHE-RSA-AES128-SHA256
[DEBUG] [2024-12-10 08:45:03] CipherSuiteConverter.cacheFromOpenSsl(331) | Cipher suite mapping: SSL_DHE_RSA_WITH_AES_128_CBC_SHA256 => DHE-RSA-AES128-SHA256
[DEBUG] [2024-12-10 08:45:03] CipherSuiteConverter.cacheFromOpenSsl(330) | Cipher suite mapping: TLS_DHE_DSS_WITH_AES_128_CBC_SHA256 => DHE-DSS-AES128-SHA256
[DEBUG] [2024-12-10 08:45:03] CipherSuiteConverter.cacheFromOpenSsl(331) | Cipher suite mapping: SSL_DHE_DSS_WITH_AES_128_CBC_SHA256 => DHE-DSS-AES128-SHA256
[DEBUG] [2024-12-10 08:45:03] CipherSuiteConverter.cacheFromOpenSsl(330) | Cipher suite mapping: TLS_RSA_WITH_DH_RSA_AES128_SHA256 => DH-RSA-AES128-SHA256
[DEBUG] [2024-12-10 08:45:03] CipherSuiteConverter.cacheFromOpenSsl(331) | Cipher suite mapping: SSL_RSA_WITH_DH_RSA_AES128_SHA256 => DH-RSA-AES128-SHA256
[DEBUG] [2024-12-10 08:45:03] CipherSuiteConverter.cacheFromOpenSsl(330) | Cipher suite mapping: TLS_RSA_WITH_DH_DSS_AES128_SHA256 => DH-DSS-AES128-SHA256
[DEBUG] [2024-12-10 08:45:03] CipherSuiteConverter.cacheFromOpenSsl(331) | Cipher suite mapping: SSL_RSA_WITH_DH_DSS_AES128_SHA256 => DH-DSS-AES128-SHA256
[DEBUG] [2024-12-10 08:45:03] CipherSuiteConverter.cacheFromOpenSsl(330) | Cipher suite mapping: TLS_DHE_RSA_WITH_AES_128_CBC_SHA => DHE-RSA-AES128-SHA
[DEBUG] [2024-12-10 08:45:03] CipherSuiteConverter.cacheFromOpenSsl(331) | Cipher suite mapping: SSL_DHE_RSA_WITH_AES_128_CBC_SHA => DHE-RSA-AES128-SHA
[DEBUG] [2024-12-10 08:45:03] CipherSuiteConverter.cacheFromOpenSsl(330) | Cipher suite mapping: TLS_DHE_DSS_WITH_AES_128_CBC_SHA => DHE-DSS-AES128-SHA
[DEBUG] [2024-12-10 08:45:03] CipherSuiteConverter.cacheFromOpenSsl(331) | Cipher suite mapping: SSL_DHE_DSS_WITH_AES_128_CBC_SHA => DHE-DSS-AES128-SHA
[DEBUG] [2024-12-10 08:45:03] CipherSuiteConverter.cacheFromOpenSsl(330) | Cipher suite mapping: TLS_RSA_WITH_DH_RSA_AES128_SHA => DH-RSA-AES128-SHA
[DEBUG] [2024-12-10 08:45:03] CipherSuiteConverter.cacheFromOpenSsl(331) | Cipher suite mapping: SSL_RSA_WITH_DH_RSA_AES128_SHA => DH-RSA-AES128-SHA
[DEBUG] [2024-12-10 08:45:03] CipherSuiteConverter.cacheFromOpenSsl(330) | Cipher suite mapping: TLS_RSA_WITH_DH_DSS_AES128_SHA => DH-DSS-AES128-SHA
[DEBUG] [2024-12-10 08:45:03] CipherSuiteConverter.cacheFromOpenSsl(331) | Cipher suite mapping: SSL_RSA_WITH_DH_DSS_AES128_SHA => DH-DSS-AES128-SHA
[DEBUG] [2024-12-10 08:45:03] CipherSuiteConverter.cacheFromOpenSsl(330) | Cipher suite mapping: TLS_RSA_WITH_ECC_SM4_SM3 => ECC-SM4-SM3
[DEBUG] [2024-12-10 08:45:03] CipherSuiteConverter.cacheFromOpenSsl(331) | Cipher suite mapping: SSL_RSA_WITH_ECC_SM4_SM3 => ECC-SM4-SM3
[DEBUG] [2024-12-10 08:45:03] CipherSuiteConverter.cacheFromOpenSsl(330) | Cipher suite mapping: TLS_RSA_WITH_ECDHE_SM4_SM3 => ECDHE-SM4-SM3
[DEBUG] [2024-12-10 08:45:03] CipherSuiteConverter.cacheFromOpenSsl(331) | Cipher suite mapping: SSL_RSA_WITH_ECDHE_SM4_SM3 => ECDHE-SM4-SM3
[DEBUG] [2024-12-10 08:45:03] CipherSuiteConverter.cacheFromOpenSsl(330) | Cipher suite mapping: TLS_DHE_RSA_WITH_SEED_SHA => DHE-RSA-SEED-SHA
[DEBUG] [2024-12-10 08:45:03] CipherSuiteConverter.cacheFromOpenSsl(331) | Cipher suite mapping: SSL_DHE_RSA_WITH_SEED_SHA => DHE-RSA-SEED-SHA
[DEBUG] [2024-12-10 08:45:03] CipherSuiteConverter.cacheFromOpenSsl(330) | Cipher suite mapping: TLS_DHE_DSS_WITH_SEED_SHA => DHE-DSS-SEED-SHA
[DEBUG] [2024-12-10 08:45:03] CipherSuiteConverter.cacheFromOpenSsl(331) | Cipher suite mapping: SSL_DHE_DSS_WITH_SEED_SHA => DHE-DSS-SEED-SHA
[DEBUG] [2024-12-10 08:45:03] CipherSuiteConverter.cacheFromOpenSsl(330) | Cipher suite mapping: TLS_RSA_WITH_DH_RSA_SEED_SHA => DH-RSA-SEED-SHA
[DEBUG] [2024-12-10 08:45:03] CipherSuiteConverter.cacheFromOpenSsl(331) | Cipher suite mapping: SSL_RSA_WITH_DH_RSA_SEED_SHA => DH-RSA-SEED-SHA
[DEBUG] [2024-12-10 08:45:03] CipherSuiteConverter.cacheFromOpenSsl(330) | Cipher suite mapping: TLS_RSA_WITH_DH_DSS_SEED_SHA => DH-DSS-SEED-SHA
[DEBUG] [2024-12-10 08:45:03] CipherSuiteConverter.cacheFromOpenSsl(331) | Cipher suite mapping: SSL_RSA_WITH_DH_DSS_SEED_SHA => DH-DSS-SEED-SHA
[DEBUG] [2024-12-10 08:45:03] CipherSuiteConverter.cacheFromOpenSsl(330) | Cipher suite mapping: TLS_DHE_RSA_WITH_CAMELLIA128_SHA => DHE-RSA-CAMELLIA128-SHA
[DEBUG] [2024-12-10 08:45:03] CipherSuiteConverter.cacheFromOpenSsl(331) | Cipher suite mapping: SSL_DHE_RSA_WITH_CAMELLIA128_SHA => DHE-RSA-CAMELLIA128-SHA
[DEBUG] [2024-12-10 08:45:03] CipherSuiteConverter.cacheFromOpenSsl(330) | Cipher suite mapping: TLS_DHE_DSS_WITH_CAMELLIA128_SHA => DHE-DSS-CAMELLIA128-SHA
[DEBUG] [2024-12-10 08:45:03] CipherSuiteConverter.cacheFromOpenSsl(331) | Cipher suite mapping: SSL_DHE_DSS_WITH_CAMELLIA128_SHA => DHE-DSS-CAMELLIA128-SHA
[DEBUG] [2024-12-10 08:45:03] CipherSuiteConverter.cacheFromOpenSsl(330) | Cipher suite mapping: TLS_RSA_WITH_DH_RSA_CAMELLIA128_SHA => DH-RSA-CAMELLIA128-SHA
[DEBUG] [2024-12-10 08:45:03] CipherSuiteConverter.cacheFromOpenSsl(331) | Cipher suite mapping: SSL_RSA_WITH_DH_RSA_CAMELLIA128_SHA => DH-RSA-CAMELLIA128-SHA
[DEBUG] [2024-12-10 08:45:03] CipherSuiteConverter.cacheFromOpenSsl(330) | Cipher suite mapping: TLS_RSA_WITH_DH_DSS_CAMELLIA128_SHA => DH-DSS-CAMELLIA128-SHA
[DEBUG] [2024-12-10 08:45:03] CipherSuiteConverter.cacheFromOpenSsl(331) | Cipher suite mapping: SSL_RSA_WITH_DH_DSS_CAMELLIA128_SHA => DH-DSS-CAMELLIA128-SHA
[DEBUG] [2024-12-10 08:45:03] CipherSuiteConverter.cacheFromOpenSsl(330) | Cipher suite mapping: TLS_ECDH_anon_WITH_AES_128_CBC_SHA => AECDH-AES128-SHA
[DEBUG] [2024-12-10 08:45:03] CipherSuiteConverter.cacheFromOpenSsl(331) | Cipher suite mapping: SSL_ECDH_anon_WITH_AES_128_CBC_SHA => AECDH-AES128-SHA
[DEBUG] [2024-12-10 08:45:03] CipherSuiteConverter.cacheFromOpenSsl(330) | Cipher suite mapping: TLS_DH_anon_WITH_AES_128_GCM_SHA256 => ADH-AES128-GCM-SHA256
[DEBUG] [2024-12-10 08:45:03] CipherSuiteConverter.cacheFromOpenSsl(331) | Cipher suite mapping: SSL_DH_anon_WITH_AES_128_GCM_SHA256 => ADH-AES128-GCM-SHA256
[DEBUG] [2024-12-10 08:45:03] CipherSuiteConverter.cacheFromOpenSsl(330) | Cipher suite mapping: TLS_DH_anon_WITH_AES_128_CBC_SHA256 => ADH-AES128-SHA256
[DEBUG] [2024-12-10 08:45:03] CipherSuiteConverter.cacheFromOpenSsl(331) | Cipher suite mapping: SSL_DH_anon_WITH_AES_128_CBC_SHA256 => ADH-AES128-SHA256
[DEBUG] [2024-12-10 08:45:03] CipherSuiteConverter.cacheFromOpenSsl(330) | Cipher suite mapping: TLS_DH_anon_WITH_AES_128_CBC_SHA => ADH-AES128-SHA
[DEBUG] [2024-12-10 08:45:03] CipherSuiteConverter.cacheFromOpenSsl(331) | Cipher suite mapping: SSL_DH_anon_WITH_AES_128_CBC_SHA => ADH-AES128-SHA
[DEBUG] [2024-12-10 08:45:03] CipherSuiteConverter.cacheFromOpenSsl(330) | Cipher suite mapping: TLS_DH_anon_WITH_SEED_SHA => ADH-SEED-SHA
[DEBUG] [2024-12-10 08:45:03] CipherSuiteConverter.cacheFromOpenSsl(331) | Cipher suite mapping: SSL_DH_anon_WITH_SEED_SHA => ADH-SEED-SHA
[DEBUG] [2024-12-10 08:45:03] CipherSuiteConverter.cacheFromOpenSsl(330) | Cipher suite mapping: TLS_DH_anon_WITH_CAMELLIA128_SHA => ADH-CAMELLIA128-SHA
[DEBUG] [2024-12-10 08:45:03] CipherSuiteConverter.cacheFromOpenSsl(331) | Cipher suite mapping: SSL_DH_anon_WITH_CAMELLIA128_SHA => ADH-CAMELLIA128-SHA
[DEBUG] [2024-12-10 08:45:03] CipherSuiteConverter.cacheFromOpenSsl(330) | Cipher suite mapping: TLS_ECDH_RSA_WITH_AES_128_GCM_SHA256 => ECDH-RSA-AES128-GCM-SHA256
[DEBUG] [2024-12-10 08:45:03] CipherSuiteConverter.cacheFromOpenSsl(331) | Cipher suite mapping: SSL_ECDH_RSA_WITH_AES_128_GCM_SHA256 => ECDH-RSA-AES128-GCM-SHA256
[DEBUG] [2024-12-10 08:45:03] CipherSuiteConverter.cacheFromOpenSsl(330) | Cipher suite mapping: TLS_ECDH_ECDSA_WITH_AES_128_GCM_SHA256 => ECDH-ECDSA-AES128-GCM-SHA256
[DEBUG] [2024-12-10 08:45:03] CipherSuiteConverter.cacheFromOpenSsl(331) | Cipher suite mapping: SSL_ECDH_ECDSA_WITH_AES_128_GCM_SHA256 => ECDH-ECDSA-AES128-GCM-SHA256
[DEBUG] [2024-12-10 08:45:03] CipherSuiteConverter.cacheFromOpenSsl(330) | Cipher suite mapping: TLS_ECDH_RSA_WITH_AES_128_CBC_SHA256 => ECDH-RSA-AES128-SHA256
[DEBUG] [2024-12-10 08:45:03] CipherSuiteConverter.cacheFromOpenSsl(331) | Cipher suite mapping: SSL_ECDH_RSA_WITH_AES_128_CBC_SHA256 => ECDH-RSA-AES128-SHA256
[DEBUG] [2024-12-10 08:45:03] CipherSuiteConverter.cacheFromOpenSsl(330) | Cipher suite mapping: TLS_ECDH_ECDSA_WITH_AES_128_CBC_SHA256 => ECDH-ECDSA-AES128-SHA256
[DEBUG] [2024-12-10 08:45:03] CipherSuiteConverter.cacheFromOpenSsl(331) | Cipher suite mapping: SSL_ECDH_ECDSA_WITH_AES_128_CBC_SHA256 => ECDH-ECDSA-AES128-SHA256
[DEBUG] [2024-12-10 08:45:03] CipherSuiteConverter.cacheFromOpenSsl(330) | Cipher suite mapping: TLS_ECDH_RSA_WITH_AES_128_CBC_SHA => ECDH-RSA-AES128-SHA
[DEBUG] [2024-12-10 08:45:03] CipherSuiteConverter.cacheFromOpenSsl(331) | Cipher suite mapping: SSL_ECDH_RSA_WITH_AES_128_CBC_SHA => ECDH-RSA-AES128-SHA
[DEBUG] [2024-12-10 08:45:03] CipherSuiteConverter.cacheFromOpenSsl(330) | Cipher suite mapping: TLS_ECDH_ECDSA_WITH_AES_128_CBC_SHA => ECDH-ECDSA-AES128-SHA
[DEBUG] [2024-12-10 08:45:03] CipherSuiteConverter.cacheFromOpenSsl(331) | Cipher suite mapping: SSL_ECDH_ECDSA_WITH_AES_128_CBC_SHA => ECDH-ECDSA-AES128-SHA
[DEBUG] [2024-12-10 08:45:03] CipherSuiteConverter.cacheFromOpenSsl(330) | Cipher suite mapping: TLS_RSA_WITH_AES_128_GCM_SHA256 => AES128-GCM-SHA256
[DEBUG] [2024-12-10 08:45:03] CipherSuiteConverter.cacheFromOpenSsl(331) | Cipher suite mapping: SSL_RSA_WITH_AES_128_GCM_SHA256 => AES128-GCM-SHA256
[DEBUG] [2024-12-10 08:45:03] CipherSuiteConverter.cacheFromOpenSsl(330) | Cipher suite mapping: TLS_RSA_WITH_AES_128_CBC_SHA256 => AES128-SHA256
[DEBUG] [2024-12-10 08:45:03] CipherSuiteConverter.cacheFromOpenSsl(331) | Cipher suite mapping: SSL_RSA_WITH_AES_128_CBC_SHA256 => AES128-SHA256
[DEBUG] [2024-12-10 08:45:03] CipherSuiteConverter.cacheFromOpenSsl(330) | Cipher suite mapping: TLS_RSA_WITH_AES_128_CBC_SHA => AES128-SHA
[DEBUG] [2024-12-10 08:45:03] CipherSuiteConverter.cacheFromOpenSsl(331) | Cipher suite mapping: SSL_RSA_WITH_AES_128_CBC_SHA => AES128-SHA
[DEBUG] [2024-12-10 08:45:03] CipherSuiteConverter.cacheFromOpenSsl(330) | Cipher suite mapping: TLS_RSA_WITH_SEED_SHA => SEED-SHA
[DEBUG] [2024-12-10 08:45:03] CipherSuiteConverter.cacheFromOpenSsl(331) | Cipher suite mapping: SSL_RSA_WITH_SEED_SHA => SEED-SHA
[DEBUG] [2024-12-10 08:45:03] CipherSuiteConverter.cacheFromOpenSsl(330) | Cipher suite mapping: TLS_RSA_WITH_CAMELLIA128_SHA => CAMELLIA128-SHA
[DEBUG] [2024-12-10 08:45:03] CipherSuiteConverter.cacheFromOpenSsl(331) | Cipher suite mapping: SSL_RSA_WITH_CAMELLIA128_SHA => CAMELLIA128-SHA
[DEBUG] [2024-12-10 08:45:03] CipherSuiteConverter.cacheFromOpenSsl(330) | Cipher suite mapping: TLS_RSA_WITH_IDEA_CBC_SHA => IDEA-CBC-SHA
[DEBUG] [2024-12-10 08:45:03] CipherSuiteConverter.cacheFromOpenSsl(331) | Cipher suite mapping: SSL_RSA_WITH_IDEA_CBC_SHA => IDEA-CBC-SHA
[DEBUG] [2024-12-10 08:45:03] CipherSuiteConverter.cacheFromOpenSsl(330) | Cipher suite mapping: TLS_PSK_WITH_AES_128_CBC_SHA => PSK-AES128-CBC-SHA
[DEBUG] [2024-12-10 08:45:03] CipherSuiteConverter.cacheFromOpenSsl(331) | Cipher suite mapping: SSL_PSK_WITH_AES_128_CBC_SHA => PSK-AES128-CBC-SHA
[DEBUG] [2024-12-10 08:45:03] CipherSuiteConverter.cacheFromOpenSsl(330) | Cipher suite mapping: TLS_ECDHE_RSA_WITH_RC4_128_SHA => ECDHE-RSA-RC4-SHA
[DEBUG] [2024-12-10 08:45:03] CipherSuiteConverter.cacheFromOpenSsl(331) | Cipher suite mapping: SSL_ECDHE_RSA_WITH_RC4_128_SHA => ECDHE-RSA-RC4-SHA
[DEBUG] [2024-12-10 08:45:03] CipherSuiteConverter.cacheFromOpenSsl(330) | Cipher suite mapping: TLS_ECDHE_ECDSA_WITH_RC4_128_SHA => ECDHE-ECDSA-RC4-SHA
[DEBUG] [2024-12-10 08:45:03] CipherSuiteConverter.cacheFromOpenSsl(331) | Cipher suite mapping: SSL_ECDHE_ECDSA_WITH_RC4_128_SHA => ECDHE-ECDSA-RC4-SHA
[DEBUG] [2024-12-10 08:45:03] CipherSuiteConverter.cacheFromOpenSsl(330) | Cipher suite mapping: TLS_ECDH_anon_WITH_RC4_128_SHA => AECDH-RC4-SHA
[DEBUG] [2024-12-10 08:45:03] CipherSuiteConverter.cacheFromOpenSsl(331) | Cipher suite mapping: SSL_ECDH_anon_WITH_RC4_128_SHA => AECDH-RC4-SHA
[DEBUG] [2024-12-10 08:45:03] CipherSuiteConverter.cacheFromOpenSsl(330) | Cipher suite mapping: TLS_DH_anon_WITH_RC4_128_MD5 => ADH-RC4-MD5
[DEBUG] [2024-12-10 08:45:03] CipherSuiteConverter.cacheFromOpenSsl(331) | Cipher suite mapping: SSL_DH_anon_WITH_RC4_128_MD5 => ADH-RC4-MD5
[DEBUG] [2024-12-10 08:45:03] CipherSuiteConverter.cacheFromOpenSsl(330) | Cipher suite mapping: TLS_ECDH_RSA_WITH_RC4_128_SHA => ECDH-RSA-RC4-SHA
[DEBUG] [2024-12-10 08:45:03] CipherSuiteConverter.cacheFromOpenSsl(331) | Cipher suite mapping: SSL_ECDH_RSA_WITH_RC4_128_SHA => ECDH-RSA-RC4-SHA
[DEBUG] [2024-12-10 08:45:03] CipherSuiteConverter.cacheFromOpenSsl(330) | Cipher suite mapping: TLS_ECDH_ECDSA_WITH_RC4_128_SHA => ECDH-ECDSA-RC4-SHA
[DEBUG] [2024-12-10 08:45:03] CipherSuiteConverter.cacheFromOpenSsl(331) | Cipher suite mapping: SSL_ECDH_ECDSA_WITH_RC4_128_SHA => ECDH-ECDSA-RC4-SHA
[DEBUG] [2024-12-10 08:45:03] CipherSuiteConverter.cacheFromOpenSsl(330) | Cipher suite mapping: TLS_RSA_WITH_RC4_128_SHA => RC4-SHA
[DEBUG] [2024-12-10 08:45:03] CipherSuiteConverter.cacheFromOpenSsl(331) | Cipher suite mapping: SSL_RSA_WITH_RC4_128_SHA => RC4-SHA
[DEBUG] [2024-12-10 08:45:03] CipherSuiteConverter.cacheFromOpenSsl(330) | Cipher suite mapping: TLS_RSA_WITH_RC4_128_MD5 => RC4-MD5
[DEBUG] [2024-12-10 08:45:03] CipherSuiteConverter.cacheFromOpenSsl(331) | Cipher suite mapping: SSL_RSA_WITH_RC4_128_MD5 => RC4-MD5
[DEBUG] [2024-12-10 08:45:03] CipherSuiteConverter.cacheFromOpenSsl(330) | Cipher suite mapping: TLS_PSK_WITH_RC4_128_SHA => PSK-RC4-SHA
[DEBUG] [2024-12-10 08:45:03] CipherSuiteConverter.cacheFromOpenSsl(331) | Cipher suite mapping: SSL_PSK_WITH_RC4_128_SHA => PSK-RC4-SHA
[DEBUG] [2024-12-10 08:45:03] CipherSuiteConverter.cacheFromOpenSsl(330) | Cipher suite mapping: TLS_ECDHE_RSA_WITH_3DES_EDE_CBC_SHA => ECDHE-RSA-DES-CBC3-SHA
[DEBUG] [2024-12-10 08:45:03] CipherSuiteConverter.cacheFromOpenSsl(331) | Cipher suite mapping: SSL_ECDHE_RSA_WITH_3DES_EDE_CBC_SHA => ECDHE-RSA-DES-CBC3-SHA
[DEBUG] [2024-12-10 08:45:03] CipherSuiteConverter.cacheFromOpenSsl(330) | Cipher suite mapping: TLS_ECDHE_ECDSA_WITH_3DES_EDE_CBC_SHA => ECDHE-ECDSA-DES-CBC3-SHA
[DEBUG] [2024-12-10 08:45:03] CipherSuiteConverter.cacheFromOpenSsl(331) | Cipher suite mapping: SSL_ECDHE_ECDSA_WITH_3DES_EDE_CBC_SHA => ECDHE-ECDSA-DES-CBC3-SHA
[DEBUG] [2024-12-10 08:45:03] CipherSuiteConverter.cacheFromOpenSsl(330) | Cipher suite mapping: TLS_SRP_DSS_WITH_3DES_EDE_CBC_SHA => SRP-DSS-3DES-EDE-CBC-SHA
[DEBUG] [2024-12-10 08:45:03] CipherSuiteConverter.cacheFromOpenSsl(331) | Cipher suite mapping: SSL_SRP_DSS_WITH_3DES_EDE_CBC_SHA => SRP-DSS-3DES-EDE-CBC-SHA
[DEBUG] [2024-12-10 08:45:03] CipherSuiteConverter.cacheFromOpenSsl(330) | Cipher suite mapping: TLS_SRP_RSA_WITH_3DES_EDE_CBC_SHA => SRP-RSA-3DES-EDE-CBC-SHA
[DEBUG] [2024-12-10 08:45:03] CipherSuiteConverter.cacheFromOpenSsl(331) | Cipher suite mapping: SSL_SRP_RSA_WITH_3DES_EDE_CBC_SHA => SRP-RSA-3DES-EDE-CBC-SHA
[DEBUG] [2024-12-10 08:45:03] CipherSuiteConverter.cacheFromOpenSsl(330) | Cipher suite mapping: TLS_SRP_WITH_3DES_EDE_CBC_SHA => SRP-3DES-EDE-CBC-SHA
[DEBUG] [2024-12-10 08:45:03] CipherSuiteConverter.cacheFromOpenSsl(331) | Cipher suite mapping: SSL_SRP_WITH_3DES_EDE_CBC_SHA => SRP-3DES-EDE-CBC-SHA
[DEBUG] [2024-12-10 08:45:03] CipherSuiteConverter.cacheFromOpenSsl(330) | Cipher suite mapping: TLS_EDH_RSA_WITH_3DES_EDE_CBC_SHA => EDH-RSA-DES-CBC3-SHA
[DEBUG] [2024-12-10 08:45:03] CipherSuiteConverter.cacheFromOpenSsl(331) | Cipher suite mapping: SSL_EDH_RSA_WITH_3DES_EDE_CBC_SHA => EDH-RSA-DES-CBC3-SHA
[DEBUG] [2024-12-10 08:45:03] CipherSuiteConverter.cacheFromOpenSsl(330) | Cipher suite mapping: TLS_EDH_DSS_WITH_3DES_EDE_CBC_SHA => EDH-DSS-DES-CBC3-SHA
[DEBUG] [2024-12-10 08:45:03] CipherSuiteConverter.cacheFromOpenSsl(331) | Cipher suite mapping: SSL_EDH_DSS_WITH_3DES_EDE_CBC_SHA => EDH-DSS-DES-CBC3-SHA
[DEBUG] [2024-12-10 08:45:03] CipherSuiteConverter.cacheFromOpenSsl(330) | Cipher suite mapping: TLS_RSA_WITH_DH_RSA_DES_CBC3_SHA => DH-RSA-DES-CBC3-SHA
[DEBUG] [2024-12-10 08:45:03] CipherSuiteConverter.cacheFromOpenSsl(331) | Cipher suite mapping: SSL_RSA_WITH_DH_RSA_DES_CBC3_SHA => DH-RSA-DES-CBC3-SHA
[DEBUG] [2024-12-10 08:45:03] CipherSuiteConverter.cacheFromOpenSsl(330) | Cipher suite mapping: TLS_RSA_WITH_DH_DSS_DES_CBC3_SHA => DH-DSS-DES-CBC3-SHA
[DEBUG] [2024-12-10 08:45:03] CipherSuiteConverter.cacheFromOpenSsl(331) | Cipher suite mapping: SSL_RSA_WITH_DH_DSS_DES_CBC3_SHA => DH-DSS-DES-CBC3-SHA
[DEBUG] [2024-12-10 08:45:03] CipherSuiteConverter.cacheFromOpenSsl(330) | Cipher suite mapping: TLS_ECDH_anon_WITH_3DES_EDE_CBC_SHA => AECDH-DES-CBC3-SHA
[DEBUG] [2024-12-10 08:45:03] CipherSuiteConverter.cacheFromOpenSsl(331) | Cipher suite mapping: SSL_ECDH_anon_WITH_3DES_EDE_CBC_SHA => AECDH-DES-CBC3-SHA
[DEBUG] [2024-12-10 08:45:03] CipherSuiteConverter.cacheFromOpenSsl(330) | Cipher suite mapping: TLS_DH_anon_WITH_3DES_EDE_CBC_SHA => ADH-DES-CBC3-SHA
[DEBUG] [2024-12-10 08:45:03] CipherSuiteConverter.cacheFromOpenSsl(331) | Cipher suite mapping: SSL_DH_anon_WITH_3DES_EDE_CBC_SHA => ADH-DES-CBC3-SHA
[DEBUG] [2024-12-10 08:45:03] CipherSuiteConverter.cacheFromOpenSsl(330) | Cipher suite mapping: TLS_ECDH_RSA_WITH_3DES_EDE_CBC_SHA => ECDH-RSA-DES-CBC3-SHA
[DEBUG] [2024-12-10 08:45:03] CipherSuiteConverter.cacheFromOpenSsl(331) | Cipher suite mapping: SSL_ECDH_RSA_WITH_3DES_EDE_CBC_SHA => ECDH-RSA-DES-CBC3-SHA
[DEBUG] [2024-12-10 08:45:03] CipherSuiteConverter.cacheFromOpenSsl(330) | Cipher suite mapping: TLS_ECDH_ECDSA_WITH_3DES_EDE_CBC_SHA => ECDH-ECDSA-DES-CBC3-SHA
[DEBUG] [2024-12-10 08:45:03] CipherSuiteConverter.cacheFromOpenSsl(331) | Cipher suite mapping: SSL_ECDH_ECDSA_WITH_3DES_EDE_CBC_SHA => ECDH-ECDSA-DES-CBC3-SHA
[DEBUG] [2024-12-10 08:45:03] CipherSuiteConverter.cacheFromOpenSsl(330) | Cipher suite mapping: TLS_RSA_WITH_3DES_EDE_CBC_SHA => DES-CBC3-SHA
[DEBUG] [2024-12-10 08:45:03] CipherSuiteConverter.cacheFromOpenSsl(331) | Cipher suite mapping: SSL_RSA_WITH_3DES_EDE_CBC_SHA => DES-CBC3-SHA
[DEBUG] [2024-12-10 08:45:03] CipherSuiteConverter.cacheFromOpenSsl(330) | Cipher suite mapping: TLS_PSK_WITH_3DES_EDE_CBC_SHA => PSK-3DES-EDE-CBC-SHA
[DEBUG] [2024-12-10 08:45:03] CipherSuiteConverter.cacheFromOpenSsl(331) | Cipher suite mapping: SSL_PSK_WITH_3DES_EDE_CBC_SHA => PSK-3DES-EDE-CBC-SHA
[DEBUG] [2024-12-10 08:45:03] OpenSsl.<clinit>(369) | Supported protocols (OpenSSL): [SSLv2Hello, TLSv1, TLSv1.1, TLSv1.2] 
[DEBUG] [2024-12-10 08:45:03] OpenSsl.<clinit>(370) | Default cipher suites (OpenSSL): [TLS_ECDHE_ECDSA_WITH_AES_256_GCM_SHA384, TLS_ECDHE_ECDSA_WITH_AES_128_GCM_SHA256, TLS_ECDHE_RSA_WITH_AES_128_GCM_SHA256, TLS_ECDHE_RSA_WITH_AES_256_GCM_SHA384, TLS_ECDHE_RSA_WITH_AES_128_CBC_SHA, TLS_ECDHE_RSA_WITH_AES_256_CBC_SHA, TLS_RSA_WITH_AES_128_GCM_SHA256, TLS_RSA_WITH_AES_128_CBC_SHA, TLS_RSA_WITH_AES_256_CBC_SHA]
[DEBUG] [2024-12-10 08:45:03] ResourceLeakDetectorFactory$DefaultResourceLeakDetectorFactory.newResourceLeakDetector(196) | Loaded default ResourceLeakDetector: io.netty.util.ResourceLeakDetector@45a4b042
[DEBUG] [2024-12-10 08:45:03] ConnectionManager.startConnect(108) | startConnect to 127.0.0.1:20202
[DEBUG] [2024-12-10 08:45:03] DefaultChannelId.<clinit>(79) | -Dio.netty.processId: 39293 (auto-detected)
[DEBUG] [2024-12-10 08:45:03] DefaultChannelId.<clinit>(101) | -Dio.netty.machineId: 02:42:ed:ff:fe:e2:68:73 (auto-detected)
[DEBUG] [2024-12-10 08:45:03] ConnectionManager.startConnect(108) | startConnect to 127.0.0.1:20203
[DEBUG] [2024-12-10 08:45:03] ResourceLeakDetectorFactory$DefaultResourceLeakDetectorFactory.newResourceLeakDetector(196) | Loaded default ResourceLeakDetector: io.netty.util.ResourceLeakDetector@2159fec6
[ERROR] [2024-12-10 08:45:03] ConnectionManager.checkConnectionResult(369) | connect to 127.0.0.1:20202 failed. Connection refused: /127.0.0.1:20202
[ERROR] [2024-12-10 08:45:03] ConnectionManager.checkConnectionResult(369) | connect to 127.0.0.1:20203 failed. Connection refused: /127.0.0.1:20203
[ERROR] [2024-12-10 08:45:03] ConnectionManager.startConnect(126) |  all connections have failed, [{"code":2, "msg":"connect to 127.0.0.1:20202 failed"}, {"code":2, "msg":"connect to 127.0.0.1:20203 failed"}] 
[DEBUG] [2024-12-10 08:45:03] CryptoMaterialConfig.<init>(77) | Load cryptoMaterial, caCertPath: conf/gm/gmca.crt, sdkCertPath: conf/gm/gmsdk.crt, sdkPrivateKeyPath:conf/gm/gmsdk.key, enSSLCertPath: conf/gm/gmensdk.crt, enSSLPrivateKeyPath:conf/gm/gmensdk.key
[DEBUG] [2024-12-10 08:45:03] NetworkImp.stop(232) | stop Network...
[INFO] [2024-12-10 08:45:05] ConnectionManager.stopNetty(170) | The netty has been stopped
[ERROR] [2024-12-10 08:45:05] ChannelImp.start(95) | init channel network error,  Failed to connect to all the nodes! errorMessage: 
connect to 127.0.0.1:20202 failed
connect to 127.0.0.1:20203 failed

[System Information]:
[Java Version] : 11.0.19
[OS Name] : Linux
[OS Arch] : amd64
[OS Version] : 4.15.0-213-generic
[Vendor Name] : Ubuntu
[Vendor URL] : https://ubuntu.com/
[JVM Version] : 11.0.19+7-post-Ubuntu-0ubuntu118.04.1
[JVM Name] : OpenJDK 64-Bit Server VM
[JVM Vendor] : Ubuntu
[JAVA Library Path] : /usr/java/packages/lib:/usr/lib/x86_64-linux-gnu/jni:/lib/x86_64-linux-gnu:/usr/lib/x86_64-linux-gnu:/usr/lib/jni:/lib:/usr/lib
[JDK Disabled NamedCurves] : null
[JDK DisableNative Option] : false
[Support secp256k1] : true
[Support secp256r1] : true
 
[WARN] [2024-12-10 08:45:05] ChannelImp.stop(152) | The channel has already been stopped!
[DEBUG] [2024-12-10 08:45:05] ChannelImp.stop(154) | stop channel...
[DEBUG] [2024-12-10 08:45:05] NetworkImp.stop(232) | stop Network...
[DEBUG] [2024-12-10 08:45:05] ChannelImp.stop(160) | stop channel succ...
